<?xml version="1.0" encoding="UTF-8"?>
<!-- Generated by org.testng.reporters.JUnitXMLReporter -->
<testsuite ignored="0" hostname="DESKTOP-M9BLJAP" failures="0" tests="6" name="Default test" time="6.512" errors="0" timestamp="2024-09-19T20:05:29 EET">
  <testcase classname="MyTestCase" name="transferToSignUpPage" time="1.783"/>
  <testcase classname="MyTestCase" name="enterFirstName" time="0.319"/>
  <testcase classname="MyTestCase" name="enterLastName" time="0.152"/>
  <testcase classname="MyTestCase" name="enterEmail" time="0.138"/>
  <testcase classname="MyTestCase" name="enterPassword" time="1.704"/>
  <testcase classname="MyTestCase" name="checkLogoSignUp" time="0.173"/>
</testsuite> <!-- Default test -->
