<?xml version="1.0" encoding="UTF-8"?>
<!-- Generated by org.testng.reporters.JUnitXMLReporter -->
<testsuite ignored="0" hostname="DESKTOP-M9BLJAP" failures="0" tests="4" name="Default test" time="7.052" errors="0" timestamp="2024-09-17T20:10:58 EET">
  <testcase classname="LoginTestCase" name="openLoginPage" time="0.99"/>
  <testcase classname="LoginTestCase" name="checkLogo" time="0.261"/>
  <testcase classname="LoginTestCase" name="checkLogin" time="3.124"/>
  <testcase classname="LoginTestCase" name="checkLogoLogin" time="0.155"/>
</testsuite> <!-- Default test -->
