<?xml version="1.0" encoding="UTF-8"?>
<testng-results ignored="0" total="4" passed="4" failed="0" skipped="0">
  <reporter-output>
  </reporter-output>
  <suite started-at="2024-09-17T20:10:51 EET" name="Default suite" finished-at="2024-09-17T20:10:58 EET" duration-ms="7052">
    <groups>
    </groups>
    <test started-at="2024-09-17T20:10:51 EET" name="Default test" finished-at="2024-09-17T20:10:58 EET" duration-ms="7052">
      <class name="LoginTestCase">
        <test-method is-config="true" signature="configuration()[pri:0, instance:LoginTestCase@44ebcd03]" started-at="2024-09-17T20:10:42 EET" name="configuration" finished-at="2024-09-17T20:10:51 EET" duration-ms="9615" status="PASS">
          <reporter-output>
          </reporter-output>
        </test-method> <!-- configuration -->
        <test-method is-config="true" signature="setUp()[pri:0, instance:LoginTestCase@44ebcd03]" started-at="2024-09-17T20:10:51 EET" name="setUp" finished-at="2024-09-17T20:10:54 EET" duration-ms="2451" status="PASS">
          <reporter-output>
          </reporter-output>
        </test-method> <!-- setUp -->
        <test-method signature="openLoginPage()[pri:1, instance:LoginTestCase@44ebcd03]" started-at="2024-09-17T20:10:54 EET" name="openLoginPage" finished-at="2024-09-17T20:10:55 EET" duration-ms="990" status="PASS">
          <reporter-output>
          </reporter-output>
        </test-method> <!-- openLoginPage -->
        <test-method signature="checkLogo()[pri:2, instance:LoginTestCase@44ebcd03]" started-at="2024-09-17T20:10:55 EET" name="checkLogo" finished-at="2024-09-17T20:10:55 EET" duration-ms="261" status="PASS">
          <reporter-output>
          </reporter-output>
        </test-method> <!-- checkLogo -->
        <test-method signature="checkLogin()[pri:3, instance:LoginTestCase@44ebcd03]" started-at="2024-09-17T20:10:55 EET" name="checkLogin" finished-at="2024-09-17T20:10:58 EET" duration-ms="3124" status="PASS">
          <reporter-output>
          </reporter-output>
        </test-method> <!-- checkLogin -->
        <test-method signature="checkLogoLogin()[pri:4, instance:LoginTestCase@44ebcd03]" started-at="2024-09-17T20:10:58 EET" name="checkLogoLogin" finished-at="2024-09-17T20:10:58 EET" duration-ms="155" status="PASS">
          <reporter-output>
          </reporter-output>
        </test-method> <!-- checkLogoLogin -->
        <test-method is-config="true" signature="tear()[pri:0, instance:LoginTestCase@44ebcd03]" started-at="2024-09-17T20:10:58 EET" name="tear" finished-at="2024-09-17T20:10:59 EET" duration-ms="311" status="PASS">
          <reporter-output>
          </reporter-output>
        </test-method> <!-- tear -->
      </class> <!-- LoginTestCase -->
    </test> <!-- Default test -->
  </suite> <!-- Default suite -->
</testng-results>
