<?xml version="1.0" encoding="UTF-8"?>
<testng-results ignored="0" total="5" passed="5" failed="0" skipped="0">
  <reporter-output>
  </reporter-output>
  <suite started-at="2024-09-03T20:02:41 EET" name="Default suite" finished-at="2024-09-03T20:02:51 EET" duration-ms="10082">
    <groups>
    </groups>
    <test started-at="2024-09-03T20:02:41 EET" name="Default test" finished-at="2024-09-03T20:02:51 EET" duration-ms="10082">
      <class name="MyTestCase">
        <test-method is-config="true" signature="configuration()[pri:0, instance:MyTestCase@2e005c4b]" started-at="2024-09-03T20:02:37 EET" name="configuration" finished-at="2024-09-03T20:02:41 EET" duration-ms="3659" status="PASS">
          <reporter-output>
          </reporter-output>
        </test-method> <!-- configuration -->
        <test-method is-config="true" signature="setUp()[pri:0, instance:MyTestCase@2e005c4b]" started-at="2024-09-03T20:02:41 EET" name="setUp" finished-at="2024-09-03T20:02:44 EET" duration-ms="3767" status="PASS">
          <reporter-output>
          </reporter-output>
        </test-method> <!-- setUp -->
        <test-method signature="transferToSignUpPage()[pri:1, instance:MyTestCase@2e005c4b]" started-at="2024-09-03T20:02:44 EET" name="transferToSignUpPage" finished-at="2024-09-03T20:02:46 EET" duration-ms="1816" status="PASS">
          <reporter-output>
          </reporter-output>
        </test-method> <!-- transferToSignUpPage -->
        <test-method signature="enterFirstName()[pri:2, instance:MyTestCase@2e005c4b]" started-at="2024-09-03T20:02:46 EET" name="enterFirstName" finished-at="2024-09-03T20:02:46 EET" duration-ms="192" status="PASS">
          <reporter-output>
          </reporter-output>
        </test-method> <!-- enterFirstName -->
        <test-method signature="enterLastName()[pri:3, instance:MyTestCase@2e005c4b]" started-at="2024-09-03T20:02:46 EET" name="enterLastName" finished-at="2024-09-03T20:02:47 EET" duration-ms="118" status="PASS">
          <reporter-output>
          </reporter-output>
        </test-method> <!-- enterLastName -->
        <test-method signature="enterEmail()[pri:4, instance:MyTestCase@2e005c4b]" started-at="2024-09-03T20:02:47 EET" name="enterEmail" finished-at="2024-09-03T20:02:47 EET" duration-ms="217" status="PASS">
          <reporter-output>
          </reporter-output>
        </test-method> <!-- enterEmail -->
        <test-method signature="enterPassword()[pri:5, instance:MyTestCase@2e005c4b]" started-at="2024-09-03T20:02:47 EET" name="enterPassword" finished-at="2024-09-03T20:02:51 EET" duration-ms="3900" status="PASS">
          <reporter-output>
          </reporter-output>
        </test-method> <!-- enterPassword -->
        <test-method is-config="true" signature="tear()[pri:0, instance:MyTestCase@2e005c4b]" started-at="2024-09-03T20:02:51 EET" name="tear" finished-at="2024-09-03T20:02:51 EET" duration-ms="292" status="PASS">
          <reporter-output>
          </reporter-output>
        </test-method> <!-- tear -->
      </class> <!-- MyTestCase -->
    </test> <!-- Default test -->
  </suite> <!-- Default suite -->
</testng-results>
